2015/10/05 00:10:58 [error] [exception.CHttpException.404] exception 'CHttpException' with message 'The system is unable to find the requested action "indexhtml".' in C:\xampp\htdocs\yii\framework\web\CController.php:483
Stack trace:
#0 C:\xampp\htdocs\yii\framework\web\CController.php(270): CController->missingAction('indexhtml')
#1 C:\xampp\htdocs\yii\framework\web\CWebApplication.php(282): CController->run('indexhtml')
#2 C:\xampp\htdocs\yii\framework\web\CWebApplication.php(141): CWebApplication->runController('site/indexhtml')
#3 C:\xampp\htdocs\yii\framework\base\CApplication.php(169): CWebApplication->processRequest()
#4 C:\xampp\htdocs\yii\encuesta\index.php(13): CApplication->run()
#5 {main}
REQUEST_URI=/yii/encuesta/site/indexhtml
HTTP_REFERER=http://localhost/yii/encuesta/site/pagehtml?view=about
---
2015/10/05 00:45:36 [error] [php] include(CactiveRecord.php): failed to open stream: No such file or directory (C:\xampp\htdocs\yii\framework\YiiBase.php:421)
Stack trace:
#0 C:\xampp\htdocs\yii\encuesta\protected\controllers\HolaController.php(7): spl_autoload_call()
#1 C:\xampp\htdocs\yii\framework\web\actions\CInlineAction.php(49): HolaController->actionIndex()
#2 C:\xampp\htdocs\yii\framework\web\CController.php(308): CInlineAction->runWithParams()
#3 C:\xampp\htdocs\yii\framework\web\CController.php(286): HolaController->runAction()
#4 C:\xampp\htdocs\yii\framework\web\CController.php(265): HolaController->runActionWithFilters()
#5 C:\xampp\htdocs\yii\framework\web\CWebApplication.php(282): HolaController->run()
#6 C:\xampp\htdocs\yii\framework\web\CWebApplication.php(141): CWebApplication->runController()
#7 C:\xampp\htdocs\yii\framework\base\CApplication.php(169): CWebApplication->processRequest()
#8 C:\xampp\htdocs\yii\encuesta\index.php(13): CWebApplication->run()
REQUEST_URI=/yii/encuesta/hola/index
in C:\xampp\htdocs\yii\encuesta\protected\controllers\HolaController.php (7)
in C:\xampp\htdocs\yii\encuesta\index.php (13)
2015/10/05 00:49:18 [error] [php] include(CactiveRecord.php): failed to open stream: No such file or directory (C:\xampp\htdocs\yii\framework\YiiBase.php:421)
Stack trace:
#0 C:\xampp\htdocs\yii\encuesta\protected\controllers\HolaController.php(7): spl_autoload_call()
#1 C:\xampp\htdocs\yii\framework\web\actions\CInlineAction.php(49): HolaController->actionIndex()
#2 C:\xampp\htdocs\yii\framework\web\CController.php(308): CInlineAction->runWithParams()
#3 C:\xampp\htdocs\yii\framework\web\CController.php(286): HolaController->runAction()
#4 C:\xampp\htdocs\yii\framework\web\CController.php(265): HolaController->runActionWithFilters()
#5 C:\xampp\htdocs\yii\framework\web\CWebApplication.php(282): HolaController->run()
#6 C:\xampp\htdocs\yii\framework\web\CWebApplication.php(141): CWebApplication->runController()
#7 C:\xampp\htdocs\yii\framework\base\CApplication.php(169): CWebApplication->processRequest()
#8 C:\xampp\htdocs\yii\encuesta\index.php(13): CWebApplication->run()
REQUEST_URI=/yii/encuesta/hola/index
in C:\xampp\htdocs\yii\encuesta\protected\controllers\HolaController.php (7)
in C:\xampp\htdocs\yii\encuesta\index.php (13)
2015/10/05 00:49:20 [error] [php] include(CactiveRecord.php): failed to open stream: No such file or directory (C:\xampp\htdocs\yii\framework\YiiBase.php:421)
Stack trace:
#0 C:\xampp\htdocs\yii\encuesta\protected\controllers\HolaController.php(7): spl_autoload_call()
#1 C:\xampp\htdocs\yii\framework\web\actions\CInlineAction.php(49): HolaController->actionIndex()
#2 C:\xampp\htdocs\yii\framework\web\CController.php(308): CInlineAction->runWithParams()
#3 C:\xampp\htdocs\yii\framework\web\CController.php(286): HolaController->runAction()
#4 C:\xampp\htdocs\yii\framework\web\CController.php(265): HolaController->runActionWithFilters()
#5 C:\xampp\htdocs\yii\framework\web\CWebApplication.php(282): HolaController->run()
#6 C:\xampp\htdocs\yii\framework\web\CWebApplication.php(141): CWebApplication->runController()
#7 C:\xampp\htdocs\yii\framework\base\CApplication.php(169): CWebApplication->processRequest()
#8 C:\xampp\htdocs\yii\encuesta\index.php(13): CWebApplication->run()
REQUEST_URI=/yii/encuesta/hola/index
in C:\xampp\htdocs\yii\encuesta\protected\controllers\HolaController.php (7)
in C:\xampp\htdocs\yii\encuesta\index.php (13)
2015/10/05 00:53:01 [error] [php] include(Users.php): failed to open stream: No such file or directory (C:\xampp\htdocs\yii\framework\YiiBase.php:421)
Stack trace:
#0 C:\xampp\htdocs\yii\framework\db\ar\CActiveRecord.php(386): spl_autoload_call()
#1 C:\xampp\htdocs\yii\encuesta\protected\controllers\HolaController.php(7): model()
#2 C:\xampp\htdocs\yii\framework\web\actions\CInlineAction.php(49): HolaController->actionIndex()
#3 C:\xampp\htdocs\yii\framework\web\CController.php(308): CInlineAction->runWithParams()
#4 C:\xampp\htdocs\yii\framework\web\CController.php(286): HolaController->runAction()
#5 C:\xampp\htdocs\yii\framework\web\CController.php(265): HolaController->runActionWithFilters()
#6 C:\xampp\htdocs\yii\framework\web\CWebApplication.php(282): HolaController->run()
#7 C:\xampp\htdocs\yii\framework\web\CWebApplication.php(141): CWebApplication->runController()
#8 C:\xampp\htdocs\yii\framework\base\CApplication.php(169): CWebApplication->processRequest()
#9 C:\xampp\htdocs\yii\encuesta\index.php(13): CWebApplication->run()
REQUEST_URI=/yii/encuesta/hola/index
in C:\xampp\htdocs\yii\encuesta\protected\controllers\HolaController.php (7)
in C:\xampp\htdocs\yii\encuesta\index.php (13)
2015/10/05 00:53:04 [error] [php] include(Users.php): failed to open stream: No such file or directory (C:\xampp\htdocs\yii\framework\YiiBase.php:421)
Stack trace:
#0 C:\xampp\htdocs\yii\framework\db\ar\CActiveRecord.php(386): spl_autoload_call()
#1 C:\xampp\htdocs\yii\encuesta\protected\controllers\HolaController.php(7): model()
#2 C:\xampp\htdocs\yii\framework\web\actions\CInlineAction.php(49): HolaController->actionIndex()
#3 C:\xampp\htdocs\yii\framework\web\CController.php(308): CInlineAction->runWithParams()
#4 C:\xampp\htdocs\yii\framework\web\CController.php(286): HolaController->runAction()
#5 C:\xampp\htdocs\yii\framework\web\CController.php(265): HolaController->runActionWithFilters()
#6 C:\xampp\htdocs\yii\framework\web\CWebApplication.php(282): HolaController->run()
#7 C:\xampp\htdocs\yii\framework\web\CWebApplication.php(141): CWebApplication->runController()
#8 C:\xampp\htdocs\yii\framework\base\CApplication.php(169): CWebApplication->processRequest()
#9 C:\xampp\htdocs\yii\encuesta\index.php(13): CWebApplication->run()
REQUEST_URI=/yii/encuesta/hola/index
in C:\xampp\htdocs\yii\encuesta\protected\controllers\HolaController.php (7)
in C:\xampp\htdocs\yii\encuesta\index.php (13)
2015/10/05 00:53:06 [error] [php] include(Users.php): failed to open stream: No such file or directory (C:\xampp\htdocs\yii\framework\YiiBase.php:421)
Stack trace:
#0 C:\xampp\htdocs\yii\framework\db\ar\CActiveRecord.php(386): spl_autoload_call()
#1 C:\xampp\htdocs\yii\encuesta\protected\controllers\HolaController.php(7): model()
#2 C:\xampp\htdocs\yii\framework\web\actions\CInlineAction.php(49): HolaController->actionIndex()
#3 C:\xampp\htdocs\yii\framework\web\CController.php(308): CInlineAction->runWithParams()
#4 C:\xampp\htdocs\yii\framework\web\CController.php(286): HolaController->runAction()
#5 C:\xampp\htdocs\yii\framework\web\CController.php(265): HolaController->runActionWithFilters()
#6 C:\xampp\htdocs\yii\framework\web\CWebApplication.php(282): HolaController->run()
#7 C:\xampp\htdocs\yii\framework\web\CWebApplication.php(141): CWebApplication->runController()
#8 C:\xampp\htdocs\yii\framework\base\CApplication.php(169): CWebApplication->processRequest()
#9 C:\xampp\htdocs\yii\encuesta\index.php(13): CWebApplication->run()
REQUEST_URI=/yii/encuesta/hola/index
in C:\xampp\htdocs\yii\encuesta\protected\controllers\HolaController.php (7)
in C:\xampp\htdocs\yii\encuesta\index.php (13)
2015/10/05 00:53:06 [error] [php] include(Users.php): failed to open stream: No such file or directory (C:\xampp\htdocs\yii\framework\YiiBase.php:421)
Stack trace:
#0 C:\xampp\htdocs\yii\framework\db\ar\CActiveRecord.php(386): spl_autoload_call()
#1 C:\xampp\htdocs\yii\encuesta\protected\controllers\HolaController.php(7): model()
#2 C:\xampp\htdocs\yii\framework\web\actions\CInlineAction.php(49): HolaController->actionIndex()
#3 C:\xampp\htdocs\yii\framework\web\CController.php(308): CInlineAction->runWithParams()
#4 C:\xampp\htdocs\yii\framework\web\CController.php(286): HolaController->runAction()
#5 C:\xampp\htdocs\yii\framework\web\CController.php(265): HolaController->runActionWithFilters()
#6 C:\xampp\htdocs\yii\framework\web\CWebApplication.php(282): HolaController->run()
#7 C:\xampp\htdocs\yii\framework\web\CWebApplication.php(141): CWebApplication->runController()
#8 C:\xampp\htdocs\yii\framework\base\CApplication.php(169): CWebApplication->processRequest()
#9 C:\xampp\htdocs\yii\encuesta\index.php(13): CWebApplication->run()
REQUEST_URI=/yii/encuesta/hola/index
in C:\xampp\htdocs\yii\encuesta\protected\controllers\HolaController.php (7)
in C:\xampp\htdocs\yii\encuesta\index.php (13)
2015/10/05 00:53:07 [error] [php] include(Users.php): failed to open stream: No such file or directory (C:\xampp\htdocs\yii\framework\YiiBase.php:421)
Stack trace:
#0 C:\xampp\htdocs\yii\framework\db\ar\CActiveRecord.php(386): spl_autoload_call()
#1 C:\xampp\htdocs\yii\encuesta\protected\controllers\HolaController.php(7): model()
#2 C:\xampp\htdocs\yii\framework\web\actions\CInlineAction.php(49): HolaController->actionIndex()
#3 C:\xampp\htdocs\yii\framework\web\CController.php(308): CInlineAction->runWithParams()
#4 C:\xampp\htdocs\yii\framework\web\CController.php(286): HolaController->runAction()
#5 C:\xampp\htdocs\yii\framework\web\CController.php(265): HolaController->runActionWithFilters()
#6 C:\xampp\htdocs\yii\framework\web\CWebApplication.php(282): HolaController->run()
#7 C:\xampp\htdocs\yii\framework\web\CWebApplication.php(141): CWebApplication->runController()
#8 C:\xampp\htdocs\yii\framework\base\CApplication.php(169): CWebApplication->processRequest()
#9 C:\xampp\htdocs\yii\encuesta\index.php(13): CWebApplication->run()
REQUEST_URI=/yii/encuesta/hola/index
in C:\xampp\htdocs\yii\encuesta\protected\controllers\HolaController.php (7)
in C:\xampp\htdocs\yii\encuesta\index.php (13)
2015/10/05 00:53:07 [error] [php] include(Users.php): failed to open stream: No such file or directory (C:\xampp\htdocs\yii\framework\YiiBase.php:421)
Stack trace:
#0 C:\xampp\htdocs\yii\framework\db\ar\CActiveRecord.php(386): spl_autoload_call()
#1 C:\xampp\htdocs\yii\encuesta\protected\controllers\HolaController.php(7): model()
#2 C:\xampp\htdocs\yii\framework\web\actions\CInlineAction.php(49): HolaController->actionIndex()
#3 C:\xampp\htdocs\yii\framework\web\CController.php(308): CInlineAction->runWithParams()
#4 C:\xampp\htdocs\yii\framework\web\CController.php(286): HolaController->runAction()
#5 C:\xampp\htdocs\yii\framework\web\CController.php(265): HolaController->runActionWithFilters()
#6 C:\xampp\htdocs\yii\framework\web\CWebApplication.php(282): HolaController->run()
#7 C:\xampp\htdocs\yii\framework\web\CWebApplication.php(141): CWebApplication->runController()
#8 C:\xampp\htdocs\yii\framework\base\CApplication.php(169): CWebApplication->processRequest()
#9 C:\xampp\htdocs\yii\encuesta\index.php(13): CWebApplication->run()
REQUEST_URI=/yii/encuesta/hola/index
in C:\xampp\htdocs\yii\encuesta\protected\controllers\HolaController.php (7)
in C:\xampp\htdocs\yii\encuesta\index.php (13)
2015/10/05 00:53:07 [error] [php] include(Users.php): failed to open stream: No such file or directory (C:\xampp\htdocs\yii\framework\YiiBase.php:421)
Stack trace:
#0 C:\xampp\htdocs\yii\framework\db\ar\CActiveRecord.php(386): spl_autoload_call()
#1 C:\xampp\htdocs\yii\encuesta\protected\controllers\HolaController.php(7): model()
#2 C:\xampp\htdocs\yii\framework\web\actions\CInlineAction.php(49): HolaController->actionIndex()
#3 C:\xampp\htdocs\yii\framework\web\CController.php(308): CInlineAction->runWithParams()
#4 C:\xampp\htdocs\yii\framework\web\CController.php(286): HolaController->runAction()
#5 C:\xampp\htdocs\yii\framework\web\CController.php(265): HolaController->runActionWithFilters()
#6 C:\xampp\htdocs\yii\framework\web\CWebApplication.php(282): HolaController->run()
#7 C:\xampp\htdocs\yii\framework\web\CWebApplication.php(141): CWebApplication->runController()
#8 C:\xampp\htdocs\yii\framework\base\CApplication.php(169): CWebApplication->processRequest()
#9 C:\xampp\htdocs\yii\encuesta\index.php(13): CWebApplication->run()
REQUEST_URI=/yii/encuesta/hola/index
in C:\xampp\htdocs\yii\encuesta\protected\controllers\HolaController.php (7)
in C:\xampp\htdocs\yii\encuesta\index.php (13)
2015/10/05 00:53:07 [error] [php] include(Users.php): failed to open stream: No such file or directory (C:\xampp\htdocs\yii\framework\YiiBase.php:421)
Stack trace:
#0 C:\xampp\htdocs\yii\framework\db\ar\CActiveRecord.php(386): spl_autoload_call()
#1 C:\xampp\htdocs\yii\encuesta\protected\controllers\HolaController.php(7): model()
#2 C:\xampp\htdocs\yii\framework\web\actions\CInlineAction.php(49): HolaController->actionIndex()
#3 C:\xampp\htdocs\yii\framework\web\CController.php(308): CInlineAction->runWithParams()
#4 C:\xampp\htdocs\yii\framework\web\CController.php(286): HolaController->runAction()
#5 C:\xampp\htdocs\yii\framework\web\CController.php(265): HolaController->runActionWithFilters()
#6 C:\xampp\htdocs\yii\framework\web\CWebApplication.php(282): HolaController->run()
#7 C:\xampp\htdocs\yii\framework\web\CWebApplication.php(141): CWebApplication->runController()
#8 C:\xampp\htdocs\yii\framework\base\CApplication.php(169): CWebApplication->processRequest()
#9 C:\xampp\htdocs\yii\encuesta\index.php(13): CWebApplication->run()
REQUEST_URI=/yii/encuesta/hola/index
in C:\xampp\htdocs\yii\encuesta\protected\controllers\HolaController.php (7)
in C:\xampp\htdocs\yii\encuesta\index.php (13)
2015/10/05 00:56:34 [error] [php] include(Users.php): failed to open stream: No such file or directory (C:\xampp\htdocs\yii\framework\YiiBase.php:421)
Stack trace:
#0 C:\xampp\htdocs\yii\framework\db\ar\CActiveRecord.php(386): spl_autoload_call()
#1 C:\xampp\htdocs\yii\encuesta\protected\controllers\HolaController.php(7): model()
#2 C:\xampp\htdocs\yii\framework\web\actions\CInlineAction.php(49): HolaController->actionIndex()
#3 C:\xampp\htdocs\yii\framework\web\CController.php(308): CInlineAction->runWithParams()
#4 C:\xampp\htdocs\yii\framework\web\CController.php(286): HolaController->runAction()
#5 C:\xampp\htdocs\yii\framework\web\CController.php(265): HolaController->runActionWithFilters()
#6 C:\xampp\htdocs\yii\framework\web\CWebApplication.php(282): HolaController->run()
#7 C:\xampp\htdocs\yii\framework\web\CWebApplication.php(141): CWebApplication->runController()
#8 C:\xampp\htdocs\yii\framework\base\CApplication.php(169): CWebApplication->processRequest()
#9 C:\xampp\htdocs\yii\encuesta\index.php(13): CWebApplication->run()
REQUEST_URI=/yii/encuesta/hola/index
in C:\xampp\htdocs\yii\encuesta\protected\controllers\HolaController.php (7)
in C:\xampp\htdocs\yii\encuesta\index.php (13)
2015/10/05 00:56:35 [error] [php] include(Users.php): failed to open stream: No such file or directory (C:\xampp\htdocs\yii\framework\YiiBase.php:421)
Stack trace:
#0 C:\xampp\htdocs\yii\framework\db\ar\CActiveRecord.php(386): spl_autoload_call()
#1 C:\xampp\htdocs\yii\encuesta\protected\controllers\HolaController.php(7): model()
#2 C:\xampp\htdocs\yii\framework\web\actions\CInlineAction.php(49): HolaController->actionIndex()
#3 C:\xampp\htdocs\yii\framework\web\CController.php(308): CInlineAction->runWithParams()
#4 C:\xampp\htdocs\yii\framework\web\CController.php(286): HolaController->runAction()
#5 C:\xampp\htdocs\yii\framework\web\CController.php(265): HolaController->runActionWithFilters()
#6 C:\xampp\htdocs\yii\framework\web\CWebApplication.php(282): HolaController->run()
#7 C:\xampp\htdocs\yii\framework\web\CWebApplication.php(141): CWebApplication->runController()
#8 C:\xampp\htdocs\yii\framework\base\CApplication.php(169): CWebApplication->processRequest()
#9 C:\xampp\htdocs\yii\encuesta\index.php(13): CWebApplication->run()
REQUEST_URI=/yii/encuesta/hola/index
in C:\xampp\htdocs\yii\encuesta\protected\controllers\HolaController.php (7)
in C:\xampp\htdocs\yii\encuesta\index.php (13)
2015/10/05 00:56:36 [error] [php] include(Users.php): failed to open stream: No such file or directory (C:\xampp\htdocs\yii\framework\YiiBase.php:421)
Stack trace:
#0 C:\xampp\htdocs\yii\framework\db\ar\CActiveRecord.php(386): spl_autoload_call()
#1 C:\xampp\htdocs\yii\encuesta\protected\controllers\HolaController.php(7): model()
#2 C:\xampp\htdocs\yii\framework\web\actions\CInlineAction.php(49): HolaController->actionIndex()
#3 C:\xampp\htdocs\yii\framework\web\CController.php(308): CInlineAction->runWithParams()
#4 C:\xampp\htdocs\yii\framework\web\CController.php(286): HolaController->runAction()
#5 C:\xampp\htdocs\yii\framework\web\CController.php(265): HolaController->runActionWithFilters()
#6 C:\xampp\htdocs\yii\framework\web\CWebApplication.php(282): HolaController->run()
#7 C:\xampp\htdocs\yii\framework\web\CWebApplication.php(141): CWebApplication->runController()
#8 C:\xampp\htdocs\yii\framework\base\CApplication.php(169): CWebApplication->processRequest()
#9 C:\xampp\htdocs\yii\encuesta\index.php(13): CWebApplication->run()
REQUEST_URI=/yii/encuesta/hola/index
in C:\xampp\htdocs\yii\encuesta\protected\controllers\HolaController.php (7)
in C:\xampp\htdocs\yii\encuesta\index.php (13)
2015/10/05 00:56:37 [error] [php] include(Users.php): failed to open stream: No such file or directory (C:\xampp\htdocs\yii\framework\YiiBase.php:421)
Stack trace:
#0 C:\xampp\htdocs\yii\framework\db\ar\CActiveRecord.php(386): spl_autoload_call()
#1 C:\xampp\htdocs\yii\encuesta\protected\controllers\HolaController.php(7): model()
#2 C:\xampp\htdocs\yii\framework\web\actions\CInlineAction.php(49): HolaController->actionIndex()
#3 C:\xampp\htdocs\yii\framework\web\CController.php(308): CInlineAction->runWithParams()
#4 C:\xampp\htdocs\yii\framework\web\CController.php(286): HolaController->runAction()
#5 C:\xampp\htdocs\yii\framework\web\CController.php(265): HolaController->runActionWithFilters()
#6 C:\xampp\htdocs\yii\framework\web\CWebApplication.php(282): HolaController->run()
#7 C:\xampp\htdocs\yii\framework\web\CWebApplication.php(141): CWebApplication->runController()
#8 C:\xampp\htdocs\yii\framework\base\CApplication.php(169): CWebApplication->processRequest()
#9 C:\xampp\htdocs\yii\encuesta\index.php(13): CWebApplication->run()
REQUEST_URI=/yii/encuesta/hola/index
in C:\xampp\htdocs\yii\encuesta\protected\controllers\HolaController.php (7)
in C:\xampp\htdocs\yii\encuesta\index.php (13)
2015/10/05 00:56:37 [error] [php] include(Users.php): failed to open stream: No such file or directory (C:\xampp\htdocs\yii\framework\YiiBase.php:421)
Stack trace:
#0 C:\xampp\htdocs\yii\framework\db\ar\CActiveRecord.php(386): spl_autoload_call()
#1 C:\xampp\htdocs\yii\encuesta\protected\controllers\HolaController.php(7): model()
#2 C:\xampp\htdocs\yii\framework\web\actions\CInlineAction.php(49): HolaController->actionIndex()
#3 C:\xampp\htdocs\yii\framework\web\CController.php(308): CInlineAction->runWithParams()
#4 C:\xampp\htdocs\yii\framework\web\CController.php(286): HolaController->runAction()
#5 C:\xampp\htdocs\yii\framework\web\CController.php(265): HolaController->runActionWithFilters()
#6 C:\xampp\htdocs\yii\framework\web\CWebApplication.php(282): HolaController->run()
#7 C:\xampp\htdocs\yii\framework\web\CWebApplication.php(141): CWebApplication->runController()
#8 C:\xampp\htdocs\yii\framework\base\CApplication.php(169): CWebApplication->processRequest()
#9 C:\xampp\htdocs\yii\encuesta\index.php(13): CWebApplication->run()
REQUEST_URI=/yii/encuesta/hola/index
in C:\xampp\htdocs\yii\encuesta\protected\controllers\HolaController.php (7)
in C:\xampp\htdocs\yii\encuesta\index.php (13)
2015/10/05 00:56:38 [error] [php] include(Users.php): failed to open stream: No such file or directory (C:\xampp\htdocs\yii\framework\YiiBase.php:421)
Stack trace:
#0 C:\xampp\htdocs\yii\framework\db\ar\CActiveRecord.php(386): spl_autoload_call()
#1 C:\xampp\htdocs\yii\encuesta\protected\controllers\HolaController.php(7): model()
#2 C:\xampp\htdocs\yii\framework\web\actions\CInlineAction.php(49): HolaController->actionIndex()
#3 C:\xampp\htdocs\yii\framework\web\CController.php(308): CInlineAction->runWithParams()
#4 C:\xampp\htdocs\yii\framework\web\CController.php(286): HolaController->runAction()
#5 C:\xampp\htdocs\yii\framework\web\CController.php(265): HolaController->runActionWithFilters()
#6 C:\xampp\htdocs\yii\framework\web\CWebApplication.php(282): HolaController->run()
#7 C:\xampp\htdocs\yii\framework\web\CWebApplication.php(141): CWebApplication->runController()
#8 C:\xampp\htdocs\yii\framework\base\CApplication.php(169): CWebApplication->processRequest()
#9 C:\xampp\htdocs\yii\encuesta\index.php(13): CWebApplication->run()
REQUEST_URI=/yii/encuesta/hola/index
in C:\xampp\htdocs\yii\encuesta\protected\controllers\HolaController.php (7)
in C:\xampp\htdocs\yii\encuesta\index.php (13)
2015/10/05 00:56:38 [error] [php] include(Users.php): failed to open stream: No such file or directory (C:\xampp\htdocs\yii\framework\YiiBase.php:421)
Stack trace:
#0 C:\xampp\htdocs\yii\framework\db\ar\CActiveRecord.php(386): spl_autoload_call()
#1 C:\xampp\htdocs\yii\encuesta\protected\controllers\HolaController.php(7): model()
#2 C:\xampp\htdocs\yii\framework\web\actions\CInlineAction.php(49): HolaController->actionIndex()
#3 C:\xampp\htdocs\yii\framework\web\CController.php(308): CInlineAction->runWithParams()
#4 C:\xampp\htdocs\yii\framework\web\CController.php(286): HolaController->runAction()
#5 C:\xampp\htdocs\yii\framework\web\CController.php(265): HolaController->runActionWithFilters()
#6 C:\xampp\htdocs\yii\framework\web\CWebApplication.php(282): HolaController->run()
#7 C:\xampp\htdocs\yii\framework\web\CWebApplication.php(141): CWebApplication->runController()
#8 C:\xampp\htdocs\yii\framework\base\CApplication.php(169): CWebApplication->processRequest()
#9 C:\xampp\htdocs\yii\encuesta\index.php(13): CWebApplication->run()
REQUEST_URI=/yii/encuesta/hola/index
in C:\xampp\htdocs\yii\encuesta\protected\controllers\HolaController.php (7)
in C:\xampp\htdocs\yii\encuesta\index.php (13)
2015/10/05 00:56:38 [error] [php] include(Users.php): failed to open stream: No such file or directory (C:\xampp\htdocs\yii\framework\YiiBase.php:421)
Stack trace:
#0 C:\xampp\htdocs\yii\framework\db\ar\CActiveRecord.php(386): spl_autoload_call()
#1 C:\xampp\htdocs\yii\encuesta\protected\controllers\HolaController.php(7): model()
#2 C:\xampp\htdocs\yii\framework\web\actions\CInlineAction.php(49): HolaController->actionIndex()
#3 C:\xampp\htdocs\yii\framework\web\CController.php(308): CInlineAction->runWithParams()
#4 C:\xampp\htdocs\yii\framework\web\CController.php(286): HolaController->runAction()
#5 C:\xampp\htdocs\yii\framework\web\CController.php(265): HolaController->runActionWithFilters()
#6 C:\xampp\htdocs\yii\framework\web\CWebApplication.php(282): HolaController->run()
#7 C:\xampp\htdocs\yii\framework\web\CWebApplication.php(141): CWebApplication->runController()
#8 C:\xampp\htdocs\yii\framework\base\CApplication.php(169): CWebApplication->processRequest()
#9 C:\xampp\htdocs\yii\encuesta\index.php(13): CWebApplication->run()
REQUEST_URI=/yii/encuesta/hola/index
in C:\xampp\htdocs\yii\encuesta\protected\controllers\HolaController.php (7)
in C:\xampp\htdocs\yii\encuesta\index.php (13)
2015/10/05 00:56:38 [error] [php] include(Users.php): failed to open stream: No such file or directory (C:\xampp\htdocs\yii\framework\YiiBase.php:421)
Stack trace:
#0 C:\xampp\htdocs\yii\framework\db\ar\CActiveRecord.php(386): spl_autoload_call()
#1 C:\xampp\htdocs\yii\encuesta\protected\controllers\HolaController.php(7): model()
#2 C:\xampp\htdocs\yii\framework\web\actions\CInlineAction.php(49): HolaController->actionIndex()
#3 C:\xampp\htdocs\yii\framework\web\CController.php(308): CInlineAction->runWithParams()
#4 C:\xampp\htdocs\yii\framework\web\CController.php(286): HolaController->runAction()
#5 C:\xampp\htdocs\yii\framework\web\CController.php(265): HolaController->runActionWithFilters()
#6 C:\xampp\htdocs\yii\framework\web\CWebApplication.php(282): HolaController->run()
#7 C:\xampp\htdocs\yii\framework\web\CWebApplication.php(141): CWebApplication->runController()
#8 C:\xampp\htdocs\yii\framework\base\CApplication.php(169): CWebApplication->processRequest()
#9 C:\xampp\htdocs\yii\encuesta\index.php(13): CWebApplication->run()
REQUEST_URI=/yii/encuesta/hola/index
in C:\xampp\htdocs\yii\encuesta\protected\controllers\HolaController.php (7)
in C:\xampp\htdocs\yii\encuesta\index.php (13)
2015/10/05 00:59:18 [error] [php] include(Users.php): failed to open stream: No such file or directory (C:\xampp\htdocs\yii\framework\YiiBase.php:421)
Stack trace:
#0 C:\xampp\htdocs\yii\framework\db\ar\CActiveRecord.php(386): spl_autoload_call()
#1 C:\xampp\htdocs\yii\encuesta\protected\controllers\HolaController.php(7): model()
#2 C:\xampp\htdocs\yii\framework\web\actions\CInlineAction.php(49): HolaController->actionIndex()
#3 C:\xampp\htdocs\yii\framework\web\CController.php(308): CInlineAction->runWithParams()
#4 C:\xampp\htdocs\yii\framework\web\CController.php(286): HolaController->runAction()
#5 C:\xampp\htdocs\yii\framework\web\CController.php(265): HolaController->runActionWithFilters()
#6 C:\xampp\htdocs\yii\framework\web\CWebApplication.php(282): HolaController->run()
#7 C:\xampp\htdocs\yii\framework\web\CWebApplication.php(141): CWebApplication->runController()
#8 C:\xampp\htdocs\yii\framework\base\CApplication.php(169): CWebApplication->processRequest()
#9 C:\xampp\htdocs\yii\encuesta\index.php(13): CWebApplication->run()
REQUEST_URI=/yii/encuesta/hola/index
in C:\xampp\htdocs\yii\encuesta\protected\controllers\HolaController.php (7)
in C:\xampp\htdocs\yii\encuesta\index.php (13)
